<?xml version="1.0" encoding="UTF-8"?>
<!-- Generated by org.testng.reporters.JUnitReportReporter -->
<testsuite hostname="DESKTOP-QIB09C6" failures="0" tests="2" name="Tests.GetAndPostExample" time="1.441" errors="0" timestamp="22 Jul 2024 23:29:50 GMT" skipped="0">
  <testcase classname="Tests.GetAndPostExample" name="GetTest" time="1.438"/>
  <testcase classname="Tests.GetAndPostExample" name="PostTest" time="0.003"/>
</testsuite> <!-- Tests.GetAndPostExample -->
