<?xml version="1.0" encoding="UTF-8"?>
<!-- Generated by org.testng.reporters.JUnitReportReporter -->
<testsuite hostname="DESKTOP-QIB09C6" failures="0" tests="2" name="Tests.TestExamples" time="1.170" errors="0" timestamp="22 Jul 2024 23:29:27 GMT" skipped="0">
  <testcase classname="Tests.TestExamples" name="test_1" time="1.033"/>
  <testcase classname="Tests.TestExamples" name="test_2" time="0.137"/>
</testsuite> <!-- Tests.TestExamples -->
